<?xml version="1.0" encoding="UTF-8"?>
<!-- Generated by org.testng.reporters.JUnitReportReporter -->
<testsuite hostname="DESKTOP-S16N51Q" failures="0" tests="1" name="com.actitime.testscripts.CustomerModule" time="15.866" errors="0" timestamp="2022-04-26T12:07:05 IST" skipped="0">
  <testcase classname="com.actitime.testscripts.CustomerModule" name="testCreateCustomer" time="15.866"/>
  <system-out>
    <![CDATA[CreateCustomer
Customer successfully created =HDFC_001]]>
  </system-out>
</testsuite> <!-- com.actitime.testscripts.CustomerModule -->
